[0.297s] DEBUG:colcon:Command line arguments: ['/usr/bin/colcon', 'build']
[0.297s] DEBUG:colcon:Parsed command line arguments: Namespace(ament_cmake_args=None, base_paths=['.'], build_base='build', catkin_cmake_args=None, catkin_skip_building_tests=False, cmake_args=None, cmake_clean_cache=False, cmake_clean_first=False, cmake_force_configure=False, cmake_target=None, cmake_target_skip_unavailable=False, continue_on_error=False, event_handlers=None, executor='parallel', ignore_user_meta=False, install_base='install', log_base=None, log_level=None, main=<bound method BuildVerb.main of <colcon_core.verb.build.BuildVerb object at 0x7f6f6c1567f0>>, merge_install=False, metas=['./colcon.meta'], packages_above=None, packages_above_and_dependencies=None, packages_above_depth=None, packages_end=None, packages_ignore=None, packages_ignore_regex=None, packages_select=None, packages_select_build_failed=False, packages_select_by_dep=None, packages_select_regex=None, packages_select_test_failures=False, packages_skip=None, packages_skip_build_finished=False, packages_skip_by_dep=None, packages_skip_regex=None, packages_skip_test_passed=False, packages_skip_up_to=None, packages_start=None, packages_up_to=None, packages_up_to_regex=None, parallel_workers=40, paths=None, symlink_install=False, test_result_base=None, verb_extension=<colcon_core.verb.build.BuildVerb object at 0x7f6f6c1567f0>, verb_name='build', verb_parser=<colcon_defaults.argument_parser.defaults.DefaultArgumentsDecorator object at 0x7f6f6c1634f0>)
[0.302s] Level 1:colcon.colcon_core.package_discovery:discover_packages(colcon_meta) check parameters
[0.302s] Level 1:colcon.colcon_core.package_discovery:discover_packages(recursive) check parameters
[0.302s] Level 1:colcon.colcon_core.package_discovery:discover_packages(ignore) check parameters
[0.302s] Level 1:colcon.colcon_core.package_discovery:discover_packages(path) check parameters
[0.302s] Level 1:colcon.colcon_core.package_discovery:discover_packages(colcon_meta) discover
[0.302s] Level 1:colcon.colcon_core.package_discovery:discover_packages(recursive) discover
[0.302s] INFO:colcon.colcon_core.package_discovery:Crawling recursively for packages in '/home/daxiongpro/code/colcon_ws'
[0.303s] Level 1:colcon.colcon_core.package_identification:_identify(.) by extensions ['ignore', 'ignore_ament_install']
[0.303s] Level 1:colcon.colcon_core.package_identification:_identify(.) by extension 'ignore'
[0.303s] Level 1:colcon.colcon_core.package_identification:_identify(.) by extension 'ignore_ament_install'
[0.303s] Level 1:colcon.colcon_core.package_identification:_identify(.) by extensions ['colcon_pkg']
[0.303s] Level 1:colcon.colcon_core.package_identification:_identify(.) by extension 'colcon_pkg'
[0.303s] Level 1:colcon.colcon_core.package_identification:_identify(.) by extensions ['colcon_meta']
[0.303s] Level 1:colcon.colcon_core.package_identification:_identify(.) by extension 'colcon_meta'
[0.303s] Level 1:colcon.colcon_core.package_identification:_identify(.) by extensions ['ros']
[0.303s] Level 1:colcon.colcon_core.package_identification:_identify(.) by extension 'ros'
[0.315s] Level 1:colcon.colcon_core.package_identification:_identify(.) by extensions ['cmake', 'python']
[0.316s] Level 1:colcon.colcon_core.package_identification:_identify(.) by extension 'cmake'
[0.316s] Level 1:colcon.colcon_core.package_identification:_identify(.) by extension 'python'
[0.316s] Level 1:colcon.colcon_core.package_identification:_identify(.) by extensions ['python_setup_py']
[0.316s] Level 1:colcon.colcon_core.package_identification:_identify(.) by extension 'python_setup_py'
[0.316s] Level 1:colcon.colcon_core.package_identification:_identify(build) by extensions ['ignore', 'ignore_ament_install']
[0.316s] Level 1:colcon.colcon_core.package_identification:_identify(build) by extension 'ignore'
[0.316s] Level 1:colcon.colcon_core.package_identification:_identify(build) ignored
[0.316s] Level 1:colcon.colcon_core.package_identification:_identify(install) by extensions ['ignore', 'ignore_ament_install']
[0.316s] Level 1:colcon.colcon_core.package_identification:_identify(install) by extension 'ignore'
[0.316s] Level 1:colcon.colcon_core.package_identification:_identify(install) ignored
[0.316s] Level 1:colcon.colcon_core.package_identification:_identify(log) by extensions ['ignore', 'ignore_ament_install']
[0.316s] Level 1:colcon.colcon_core.package_identification:_identify(log) by extension 'ignore'
[0.316s] Level 1:colcon.colcon_core.package_identification:_identify(log) ignored
[0.317s] Level 1:colcon.colcon_core.package_identification:_identify(src) by extensions ['ignore', 'ignore_ament_install']
[0.317s] Level 1:colcon.colcon_core.package_identification:_identify(src) by extension 'ignore'
[0.317s] Level 1:colcon.colcon_core.package_identification:_identify(src) by extension 'ignore_ament_install'
[0.317s] Level 1:colcon.colcon_core.package_identification:_identify(src) by extensions ['colcon_pkg']
[0.317s] Level 1:colcon.colcon_core.package_identification:_identify(src) by extension 'colcon_pkg'
[0.317s] Level 1:colcon.colcon_core.package_identification:_identify(src) by extensions ['colcon_meta']
[0.317s] Level 1:colcon.colcon_core.package_identification:_identify(src) by extension 'colcon_meta'
[0.317s] Level 1:colcon.colcon_core.package_identification:_identify(src) by extensions ['ros']
[0.317s] Level 1:colcon.colcon_core.package_identification:_identify(src) by extension 'ros'
[0.317s] Level 1:colcon.colcon_core.package_identification:_identify(src) by extensions ['cmake', 'python']
[0.317s] Level 1:colcon.colcon_core.package_identification:_identify(src) by extension 'cmake'
[0.317s] Level 1:colcon.colcon_core.package_identification:_identify(src) by extension 'python'
[0.317s] Level 1:colcon.colcon_core.package_identification:_identify(src) by extensions ['python_setup_py']
[0.317s] Level 1:colcon.colcon_core.package_identification:_identify(src) by extension 'python_setup_py'
[0.317s] Level 1:colcon.colcon_core.package_identification:_identify(src/kitti_tutorial) by extensions ['ignore', 'ignore_ament_install']
[0.317s] Level 1:colcon.colcon_core.package_identification:_identify(src/kitti_tutorial) by extension 'ignore'
[0.317s] Level 1:colcon.colcon_core.package_identification:_identify(src/kitti_tutorial) by extension 'ignore_ament_install'
[0.317s] Level 1:colcon.colcon_core.package_identification:_identify(src/kitti_tutorial) by extensions ['colcon_pkg']
[0.317s] Level 1:colcon.colcon_core.package_identification:_identify(src/kitti_tutorial) by extension 'colcon_pkg'
[0.317s] Level 1:colcon.colcon_core.package_identification:_identify(src/kitti_tutorial) by extensions ['colcon_meta']
[0.317s] Level 1:colcon.colcon_core.package_identification:_identify(src/kitti_tutorial) by extension 'colcon_meta'
[0.318s] Level 1:colcon.colcon_core.package_identification:_identify(src/kitti_tutorial) by extensions ['ros']
[0.318s] Level 1:colcon.colcon_core.package_identification:_identify(src/kitti_tutorial) by extension 'ros'
[0.320s] DEBUG:colcon.colcon_core.package_identification:Found ROS schema reference in package manifest in 'src/kitti_tutorial'
[0.320s] WARNING:colcon.colcon_core.package_identification:Failed to parse ROS package manifest in 'src/kitti_tutorial': Error(s) in package 'src/kitti_tutorial/package.xml':
Error(s):
- The generic dependency on 'rclpy' is redundant with: exec_depend
[0.320s] Level 1:colcon.colcon_core.package_identification:_identify(src/kitti_tutorial) by extensions ['cmake', 'python']
[0.320s] Level 1:colcon.colcon_core.package_identification:_identify(src/kitti_tutorial) by extension 'cmake'
[0.320s] Level 1:colcon.colcon_core.package_identification:_identify(src/kitti_tutorial) by extension 'python'
[0.320s] DEBUG:colcon.colcon_core.package_identification:Python package in 'src/kitti_tutorial' passes arguments to the setup() function which requires a different identification extension than 'python'
[0.320s] Level 1:colcon.colcon_core.package_identification:_identify(src/kitti_tutorial) by extensions ['python_setup_py']
[0.320s] Level 1:colcon.colcon_core.package_identification:_identify(src/kitti_tutorial) by extension 'python_setup_py'
[0.559s] DEBUG:colcon.colcon_core.package_identification:Package 'src/kitti_tutorial' with type 'python' and name 'kitti_tutorial'
[0.559s] Level 1:colcon.colcon_core.package_identification:_identify(src/test1) by extensions ['ignore', 'ignore_ament_install']
[0.560s] Level 1:colcon.colcon_core.package_identification:_identify(src/test1) by extension 'ignore'
[0.560s] Level 1:colcon.colcon_core.package_identification:_identify(src/test1) by extension 'ignore_ament_install'
[0.560s] Level 1:colcon.colcon_core.package_identification:_identify(src/test1) by extensions ['colcon_pkg']
[0.560s] Level 1:colcon.colcon_core.package_identification:_identify(src/test1) by extension 'colcon_pkg'
[0.560s] Level 1:colcon.colcon_core.package_identification:_identify(src/test1) by extensions ['colcon_meta']
[0.560s] Level 1:colcon.colcon_core.package_identification:_identify(src/test1) by extension 'colcon_meta'
[0.561s] Level 1:colcon.colcon_core.package_identification:_identify(src/test1) by extensions ['ros']
[0.561s] Level 1:colcon.colcon_core.package_identification:_identify(src/test1) by extension 'ros'
[0.566s] DEBUG:colcon.colcon_core.package_identification:Package 'src/test1' with type 'ros.ament_python' and name 'test1'
[0.566s] Level 1:colcon.colcon_core.package_discovery:discover_packages(recursive) using defaults
[0.566s] Level 1:colcon.colcon_core.package_discovery:discover_packages(ignore) discover
[0.566s] Level 1:colcon.colcon_core.package_discovery:discover_packages(ignore) using defaults
[0.566s] Level 1:colcon.colcon_core.package_discovery:discover_packages(path) discover
[0.566s] Level 1:colcon.colcon_core.package_discovery:discover_packages(path) using defaults
[0.596s] Level 5:colcon.colcon_core.verb:set package 'kitti_tutorial' build argument 'cmake_args' from command line to 'None'
[0.596s] Level 5:colcon.colcon_core.verb:set package 'kitti_tutorial' build argument 'cmake_target' from command line to 'None'
[0.596s] Level 5:colcon.colcon_core.verb:set package 'kitti_tutorial' build argument 'cmake_target_skip_unavailable' from command line to 'False'
[0.596s] Level 5:colcon.colcon_core.verb:set package 'kitti_tutorial' build argument 'cmake_clean_cache' from command line to 'False'
[0.596s] Level 5:colcon.colcon_core.verb:set package 'kitti_tutorial' build argument 'cmake_clean_first' from command line to 'False'
[0.596s] Level 5:colcon.colcon_core.verb:set package 'kitti_tutorial' build argument 'cmake_force_configure' from command line to 'False'
[0.596s] Level 5:colcon.colcon_core.verb:set package 'kitti_tutorial' build argument 'ament_cmake_args' from command line to 'None'
[0.596s] Level 5:colcon.colcon_core.verb:set package 'kitti_tutorial' build argument 'catkin_cmake_args' from command line to 'None'
[0.596s] Level 5:colcon.colcon_core.verb:set package 'kitti_tutorial' build argument 'catkin_skip_building_tests' from command line to 'False'
[0.596s] DEBUG:colcon.colcon_core.verb:Building package 'kitti_tutorial' with the following arguments: {'ament_cmake_args': None, 'build_base': '/home/daxiongpro/code/colcon_ws/build/kitti_tutorial', 'catkin_cmake_args': None, 'catkin_skip_building_tests': False, 'cmake_args': None, 'cmake_clean_cache': False, 'cmake_clean_first': False, 'cmake_force_configure': False, 'cmake_target': None, 'cmake_target_skip_unavailable': False, 'install_base': '/home/daxiongpro/code/colcon_ws/install/kitti_tutorial', 'merge_install': False, 'path': '/home/daxiongpro/code/colcon_ws/src/kitti_tutorial', 'symlink_install': False, 'test_result_base': None}
[0.598s] Level 5:colcon.colcon_core.verb:set package 'test1' build argument 'cmake_args' from command line to 'None'
[0.598s] Level 5:colcon.colcon_core.verb:set package 'test1' build argument 'cmake_target' from command line to 'None'
[0.598s] Level 5:colcon.colcon_core.verb:set package 'test1' build argument 'cmake_target_skip_unavailable' from command line to 'False'
[0.599s] Level 5:colcon.colcon_core.verb:set package 'test1' build argument 'cmake_clean_cache' from command line to 'False'
[0.599s] Level 5:colcon.colcon_core.verb:set package 'test1' build argument 'cmake_clean_first' from command line to 'False'
[0.599s] Level 5:colcon.colcon_core.verb:set package 'test1' build argument 'cmake_force_configure' from command line to 'False'
[0.599s] Level 5:colcon.colcon_core.verb:set package 'test1' build argument 'ament_cmake_args' from command line to 'None'
[0.599s] Level 5:colcon.colcon_core.verb:set package 'test1' build argument 'catkin_cmake_args' from command line to 'None'
[0.599s] Level 5:colcon.colcon_core.verb:set package 'test1' build argument 'catkin_skip_building_tests' from command line to 'False'
[0.599s] DEBUG:colcon.colcon_core.verb:Building package 'test1' with the following arguments: {'ament_cmake_args': None, 'build_base': '/home/daxiongpro/code/colcon_ws/build/test1', 'catkin_cmake_args': None, 'catkin_skip_building_tests': False, 'cmake_args': None, 'cmake_clean_cache': False, 'cmake_clean_first': False, 'cmake_force_configure': False, 'cmake_target': None, 'cmake_target_skip_unavailable': False, 'install_base': '/home/daxiongpro/code/colcon_ws/install/test1', 'merge_install': False, 'path': '/home/daxiongpro/code/colcon_ws/src/test1', 'symlink_install': False, 'test_result_base': None}
[0.599s] INFO:colcon.colcon_core.executor:Executing jobs using 'parallel' executor
[0.601s] DEBUG:colcon.colcon_parallel_executor.executor.parallel:run_until_complete
[0.602s] INFO:colcon.colcon_core.task.python.build:Building Python package in '/home/daxiongpro/code/colcon_ws/src/kitti_tutorial'
[0.606s] INFO:colcon.colcon_core.plugin_system:Skipping extension 'colcon_core.shell.bat': Not used on non-Windows systems
[0.606s] INFO:colcon.colcon_core.shell:Skip shell extension 'powershell' for command environment: Not usable outside of PowerShell
[0.606s] DEBUG:colcon.colcon_core.shell:Skip shell extension 'dsv' for command environment
[0.609s] DEBUG:colcon.colcon_core.shell:Ignoring prefix path '/opt/ros/foxy'
[0.613s] INFO:colcon.colcon_ros.task.ament_python.build:Building ROS package in '/home/daxiongpro/code/colcon_ws/src/test1' with build type 'ament_python'
[0.614s] Level 1:colcon.colcon_core.shell:create_environment_hook('test1', 'ament_prefix_path')
[0.615s] INFO:colcon.colcon_core.shell:Creating environment hook '/home/daxiongpro/code/colcon_ws/install/test1/share/test1/hook/ament_prefix_path.ps1'
[0.616s] INFO:colcon.colcon_core.shell:Creating environment descriptor '/home/daxiongpro/code/colcon_ws/install/test1/share/test1/hook/ament_prefix_path.dsv'
[0.616s] INFO:colcon.colcon_core.shell:Creating environment hook '/home/daxiongpro/code/colcon_ws/install/test1/share/test1/hook/ament_prefix_path.sh'
[0.619s] INFO:colcon.colcon_core.shell:Skip shell extension 'powershell' for command environment: Not usable outside of PowerShell
[0.619s] DEBUG:colcon.colcon_core.shell:Skip shell extension 'dsv' for command environment
[0.620s] DEBUG:colcon.colcon_core.shell:Ignoring prefix path '/opt/ros/foxy'
[0.874s] DEBUG:colcon.colcon_core.event_handler.log_command:Invoking command in '/home/daxiongpro/code/colcon_ws/src/kitti_tutorial': PYTHONPATH=/home/daxiongpro/code/colcon_ws/install/kitti_tutorial/lib/python3.8/site-packages:${PYTHONPATH} /usr/bin/python3 setup.py egg_info --egg-base ../../build/kitti_tutorial build --build-base /home/daxiongpro/code/colcon_ws/build/kitti_tutorial/build install --prefix /home/daxiongpro/code/colcon_ws/install/kitti_tutorial --record /home/daxiongpro/code/colcon_ws/build/kitti_tutorial/install.log --single-version-externally-managed
[1.127s] INFO:colcon.colcon_core.task.python.build:Building Python package in '/home/daxiongpro/code/colcon_ws/src/test1'
[1.130s] INFO:colcon.colcon_core.shell:Skip shell extension 'powershell' for command environment: Not usable outside of PowerShell
[1.130s] DEBUG:colcon.colcon_core.shell:Skip shell extension 'dsv' for command environment
[1.134s] DEBUG:colcon.colcon_core.shell:Ignoring prefix path '/opt/ros/foxy'
[1.156s] DEBUG:colcon.colcon_core.event_handler.log_command:Invoking command in '/home/daxiongpro/code/colcon_ws/src/test1': PYTHONPATH=/home/daxiongpro/code/colcon_ws/install/test1/lib/python3.8/site-packages:${PYTHONPATH} /usr/bin/python3 setup.py egg_info --egg-base ../../build/test1 build --build-base /home/daxiongpro/code/colcon_ws/build/test1/build install --prefix /home/daxiongpro/code/colcon_ws/install/test1 --record /home/daxiongpro/code/colcon_ws/build/test1/install.log --single-version-externally-managed
[1.202s] DEBUG:colcon.colcon_core.event_handler.log_command:Invoked command in '/home/daxiongpro/code/colcon_ws/src/kitti_tutorial' returned '0': PYTHONPATH=/home/daxiongpro/code/colcon_ws/install/kitti_tutorial/lib/python3.8/site-packages:${PYTHONPATH} /usr/bin/python3 setup.py egg_info --egg-base ../../build/kitti_tutorial build --build-base /home/daxiongpro/code/colcon_ws/build/kitti_tutorial/build install --prefix /home/daxiongpro/code/colcon_ws/install/kitti_tutorial --record /home/daxiongpro/code/colcon_ws/build/kitti_tutorial/install.log --single-version-externally-managed
[1.210s] Level 1:colcon.colcon_core.environment:checking '/home/daxiongpro/code/colcon_ws/install/kitti_tutorial' for CMake module files
[1.211s] Level 1:colcon.colcon_core.environment:checking '/home/daxiongpro/code/colcon_ws/install/kitti_tutorial' for CMake config files
[1.213s] Level 1:colcon.colcon_core.environment:checking '/home/daxiongpro/code/colcon_ws/install/kitti_tutorial/lib'
[1.213s] Level 1:colcon.colcon_core.environment:checking '/home/daxiongpro/code/colcon_ws/install/kitti_tutorial/bin'
[1.213s] Level 1:colcon.colcon_core.environment:checking '/home/daxiongpro/code/colcon_ws/install/kitti_tutorial/lib/pkgconfig/kitti_tutorial.pc'
[1.214s] Level 1:colcon.colcon_core.environment:checking '/home/daxiongpro/code/colcon_ws/install/kitti_tutorial/lib/python3.8/site-packages'
[1.214s] Level 1:colcon.colcon_core.shell:create_environment_hook('kitti_tutorial', 'pythonpath')
[1.215s] INFO:colcon.colcon_core.shell:Creating environment hook '/home/daxiongpro/code/colcon_ws/install/kitti_tutorial/share/kitti_tutorial/hook/pythonpath.ps1'
[1.216s] INFO:colcon.colcon_core.shell:Creating environment descriptor '/home/daxiongpro/code/colcon_ws/install/kitti_tutorial/share/kitti_tutorial/hook/pythonpath.dsv'
[1.216s] INFO:colcon.colcon_core.shell:Creating environment hook '/home/daxiongpro/code/colcon_ws/install/kitti_tutorial/share/kitti_tutorial/hook/pythonpath.sh'
[1.217s] Level 1:colcon.colcon_core.environment:create_environment_scripts_only(kitti_tutorial)
[1.218s] INFO:colcon.colcon_core.shell:Creating package script '/home/daxiongpro/code/colcon_ws/install/kitti_tutorial/share/kitti_tutorial/package.ps1'
[1.220s] INFO:colcon.colcon_core.shell:Creating package descriptor '/home/daxiongpro/code/colcon_ws/install/kitti_tutorial/share/kitti_tutorial/package.dsv'
[1.221s] INFO:colcon.colcon_core.shell:Creating package script '/home/daxiongpro/code/colcon_ws/install/kitti_tutorial/share/kitti_tutorial/package.sh'
[1.222s] INFO:colcon.colcon_core.shell:Creating package script '/home/daxiongpro/code/colcon_ws/install/kitti_tutorial/share/kitti_tutorial/package.bash'
[1.224s] INFO:colcon.colcon_core.shell:Creating package script '/home/daxiongpro/code/colcon_ws/install/kitti_tutorial/share/kitti_tutorial/package.zsh'
[1.225s] Level 1:colcon.colcon_core.environment:create_file_with_runtime_dependencies(/home/daxiongpro/code/colcon_ws/install/kitti_tutorial/share/colcon-core/packages/kitti_tutorial)
[1.468s] Level 1:colcon.colcon_core.environment:checking '/home/daxiongpro/code/colcon_ws/install/test1' for CMake module files
[1.470s] DEBUG:colcon.colcon_core.event_handler.log_command:Invoked command in '/home/daxiongpro/code/colcon_ws/src/test1' returned '0': PYTHONPATH=/home/daxiongpro/code/colcon_ws/install/test1/lib/python3.8/site-packages:${PYTHONPATH} /usr/bin/python3 setup.py egg_info --egg-base ../../build/test1 build --build-base /home/daxiongpro/code/colcon_ws/build/test1/build install --prefix /home/daxiongpro/code/colcon_ws/install/test1 --record /home/daxiongpro/code/colcon_ws/build/test1/install.log --single-version-externally-managed
[1.470s] Level 1:colcon.colcon_core.environment:checking '/home/daxiongpro/code/colcon_ws/install/test1' for CMake config files
[1.471s] Level 1:colcon.colcon_core.environment:checking '/home/daxiongpro/code/colcon_ws/install/test1/lib'
[1.472s] Level 1:colcon.colcon_core.environment:checking '/home/daxiongpro/code/colcon_ws/install/test1/bin'
[1.472s] Level 1:colcon.colcon_core.environment:checking '/home/daxiongpro/code/colcon_ws/install/test1/lib/pkgconfig/test1.pc'
[1.472s] Level 1:colcon.colcon_core.environment:checking '/home/daxiongpro/code/colcon_ws/install/test1/lib/python3.8/site-packages'
[1.472s] Level 1:colcon.colcon_core.shell:create_environment_hook('test1', 'pythonpath')
[1.474s] INFO:colcon.colcon_core.shell:Creating environment hook '/home/daxiongpro/code/colcon_ws/install/test1/share/test1/hook/pythonpath.ps1'
[1.475s] INFO:colcon.colcon_core.shell:Creating environment descriptor '/home/daxiongpro/code/colcon_ws/install/test1/share/test1/hook/pythonpath.dsv'
[1.476s] INFO:colcon.colcon_core.shell:Creating environment hook '/home/daxiongpro/code/colcon_ws/install/test1/share/test1/hook/pythonpath.sh'
[1.476s] Level 1:colcon.colcon_core.environment:create_environment_scripts_only(test1)
[1.478s] INFO:colcon.colcon_core.shell:Creating package script '/home/daxiongpro/code/colcon_ws/install/test1/share/test1/package.ps1'
[1.479s] INFO:colcon.colcon_core.shell:Creating package descriptor '/home/daxiongpro/code/colcon_ws/install/test1/share/test1/package.dsv'
[1.480s] INFO:colcon.colcon_core.shell:Creating package script '/home/daxiongpro/code/colcon_ws/install/test1/share/test1/package.sh'
[1.481s] INFO:colcon.colcon_core.shell:Creating package script '/home/daxiongpro/code/colcon_ws/install/test1/share/test1/package.bash'
[1.481s] INFO:colcon.colcon_core.shell:Creating package script '/home/daxiongpro/code/colcon_ws/install/test1/share/test1/package.zsh'
[1.482s] Level 1:colcon.colcon_core.environment:create_file_with_runtime_dependencies(/home/daxiongpro/code/colcon_ws/install/test1/share/colcon-core/packages/test1)
[1.482s] DEBUG:colcon.colcon_parallel_executor.executor.parallel:closing loop
[1.483s] DEBUG:colcon.colcon_parallel_executor.executor.parallel:loop closed
[1.483s] DEBUG:colcon.colcon_parallel_executor.executor.parallel:run_until_complete finished with '0'
[1.484s] DEBUG:colcon.colcon_core.event_reactor:joining thread
[1.497s] INFO:colcon.colcon_core.plugin_system:Skipping extension 'colcon_notification.desktop_notification.terminal_notifier': Not used on non-Darwin systems
[1.498s] INFO:colcon.colcon_core.plugin_system:Skipping extension 'colcon_notification.desktop_notification.win32': Not used on non-Windows systems
[1.498s] INFO:colcon.colcon_notification.desktop_notification:Sending desktop notification using 'notify2'
[1.532s] DEBUG:colcon.colcon_core.event_reactor:joined thread
[1.534s] INFO:colcon.colcon_core.shell:Creating prefix script '/home/daxiongpro/code/colcon_ws/install/local_setup.ps1'
[1.537s] INFO:colcon.colcon_core.shell:Creating prefix util module '/home/daxiongpro/code/colcon_ws/install/_local_setup_util_ps1.py'
[1.540s] INFO:colcon.colcon_core.shell:Creating prefix chain script '/home/daxiongpro/code/colcon_ws/install/setup.ps1'
[1.546s] INFO:colcon.colcon_core.shell:Creating prefix script '/home/daxiongpro/code/colcon_ws/install/local_setup.sh'
[1.547s] INFO:colcon.colcon_core.shell:Creating prefix util module '/home/daxiongpro/code/colcon_ws/install/_local_setup_util_sh.py'
[1.548s] INFO:colcon.colcon_core.shell:Creating prefix chain script '/home/daxiongpro/code/colcon_ws/install/setup.sh'
[1.551s] INFO:colcon.colcon_core.shell:Creating prefix script '/home/daxiongpro/code/colcon_ws/install/local_setup.bash'
[1.552s] INFO:colcon.colcon_core.shell:Creating prefix chain script '/home/daxiongpro/code/colcon_ws/install/setup.bash'
[1.556s] INFO:colcon.colcon_core.shell:Creating prefix script '/home/daxiongpro/code/colcon_ws/install/local_setup.zsh'
[1.556s] INFO:colcon.colcon_core.shell:Creating prefix chain script '/home/daxiongpro/code/colcon_ws/install/setup.zsh'
