[0.265s] Invoking command in '/home/daxiongpro/code/colcon_ws/src/kitti_tutorial': PYTHONPATH=/home/daxiongpro/code/colcon_ws/install/kitti_tutorial/lib/python3.8/site-packages:${PYTHONPATH} /usr/bin/python3 setup.py egg_info --egg-base ../../build/kitti_tutorial build --build-base /home/daxiongpro/code/colcon_ws/build/kitti_tutorial/build install --prefix /home/daxiongpro/code/colcon_ws/install/kitti_tutorial --record /home/daxiongpro/code/colcon_ws/build/kitti_tutorial/install.log --single-version-externally-managed
[0.472s] running egg_info
[0.472s] writing ../../build/kitti_tutorial/kitti_tutorial.egg-info/PKG-INFO
[0.472s] writing dependency_links to ../../build/kitti_tutorial/kitti_tutorial.egg-info/dependency_links.txt
[0.472s] writing entry points to ../../build/kitti_tutorial/kitti_tutorial.egg-info/entry_points.txt
[0.473s] writing requirements to ../../build/kitti_tutorial/kitti_tutorial.egg-info/requires.txt
[0.473s] writing top-level names to ../../build/kitti_tutorial/kitti_tutorial.egg-info/top_level.txt
[0.508s] reading manifest file '../../build/kitti_tutorial/kitti_tutorial.egg-info/SOURCES.txt'
[0.508s] writing manifest file '../../build/kitti_tutorial/kitti_tutorial.egg-info/SOURCES.txt'
[0.509s] running build
[0.509s] running build_py
[0.509s] copying kitti_tutorial/kitti.py -> /home/daxiongpro/code/colcon_ws/build/kitti_tutorial/build/lib/kitti_tutorial
[0.509s] running install
[0.510s] running install_lib
[0.511s] copying /home/daxiongpro/code/colcon_ws/build/kitti_tutorial/build/lib/kitti_tutorial/kitti.py -> /home/daxiongpro/code/colcon_ws/install/kitti_tutorial/lib/python3.8/site-packages/kitti_tutorial
[0.511s] byte-compiling /home/daxiongpro/code/colcon_ws/install/kitti_tutorial/lib/python3.8/site-packages/kitti_tutorial/kitti.py to kitti.cpython-38.pyc
[0.513s] running install_data
[0.514s] running install_egg_info
[0.516s] removing '/home/daxiongpro/code/colcon_ws/install/kitti_tutorial/lib/python3.8/site-packages/kitti_tutorial-0.0.0-py3.8.egg-info' (and everything under it)
[0.516s] Copying ../../build/kitti_tutorial/kitti_tutorial.egg-info to /home/daxiongpro/code/colcon_ws/install/kitti_tutorial/lib/python3.8/site-packages/kitti_tutorial-0.0.0-py3.8.egg-info
[0.516s] running install_scripts
[0.534s] Installing kitti_node script to /home/daxiongpro/code/colcon_ws/install/kitti_tutorial/lib/kitti_tutorial
[0.534s] writing list of installed files to '/home/daxiongpro/code/colcon_ws/build/kitti_tutorial/install.log'
[0.559s] Invoked command in '/home/daxiongpro/code/colcon_ws/src/kitti_tutorial' returned '0': PYTHONPATH=/home/daxiongpro/code/colcon_ws/install/kitti_tutorial/lib/python3.8/site-packages:${PYTHONPATH} /usr/bin/python3 setup.py egg_info --egg-base ../../build/kitti_tutorial build --build-base /home/daxiongpro/code/colcon_ws/build/kitti_tutorial/build install --prefix /home/daxiongpro/code/colcon_ws/install/kitti_tutorial --record /home/daxiongpro/code/colcon_ws/build/kitti_tutorial/install.log --single-version-externally-managed
