[0.522s] Invoking command in '/home/daxiongpro/code/colcon_ws/src/kitti_tutorial': PYTHONPATH=/home/daxiongpro/code/colcon_ws/install/kitti_tutorial/lib/python3.8/site-packages:${PYTHONPATH} /usr/bin/python3 setup.py egg_info --egg-base ../../build/kitti_tutorial build --build-base /home/daxiongpro/code/colcon_ws/build/kitti_tutorial/build install --prefix /home/daxiongpro/code/colcon_ws/install/kitti_tutorial --record /home/daxiongpro/code/colcon_ws/build/kitti_tutorial/install.log --single-version-externally-managed
[0.746s] running egg_info
[0.747s] writing ../../build/kitti_tutorial/kitti_tutorial.egg-info/PKG-INFO
[0.747s] writing dependency_links to ../../build/kitti_tutorial/kitti_tutorial.egg-info/dependency_links.txt
[0.747s] writing entry points to ../../build/kitti_tutorial/kitti_tutorial.egg-info/entry_points.txt
[0.747s] writing requirements to ../../build/kitti_tutorial/kitti_tutorial.egg-info/requires.txt
[0.747s] writing top-level names to ../../build/kitti_tutorial/kitti_tutorial.egg-info/top_level.txt
[0.782s] reading manifest file '../../build/kitti_tutorial/kitti_tutorial.egg-info/SOURCES.txt'
[0.783s] writing manifest file '../../build/kitti_tutorial/kitti_tutorial.egg-info/SOURCES.txt'
[0.783s] running build
[0.784s] running build_py
[0.784s] running install
[0.784s] running install_lib
[0.786s] running install_data
[0.786s] copying package.xml -> /home/daxiongpro/code/colcon_ws/install/kitti_tutorial/share/kitti_tutorial
[0.787s] running install_egg_info
[0.788s] removing '/home/daxiongpro/code/colcon_ws/install/kitti_tutorial/lib/python3.8/site-packages/kitti_tutorial-0.0.0-py3.8.egg-info' (and everything under it)
[0.789s] Copying ../../build/kitti_tutorial/kitti_tutorial.egg-info to /home/daxiongpro/code/colcon_ws/install/kitti_tutorial/lib/python3.8/site-packages/kitti_tutorial-0.0.0-py3.8.egg-info
[0.789s] running install_scripts
[0.807s] Installing kitti_node script to /home/daxiongpro/code/colcon_ws/install/kitti_tutorial/lib/kitti_tutorial
[0.808s] writing list of installed files to '/home/daxiongpro/code/colcon_ws/build/kitti_tutorial/install.log'
[0.835s] Invoked command in '/home/daxiongpro/code/colcon_ws/src/kitti_tutorial' returned '0': PYTHONPATH=/home/daxiongpro/code/colcon_ws/install/kitti_tutorial/lib/python3.8/site-packages:${PYTHONPATH} /usr/bin/python3 setup.py egg_info --egg-base ../../build/kitti_tutorial build --build-base /home/daxiongpro/code/colcon_ws/build/kitti_tutorial/build install --prefix /home/daxiongpro/code/colcon_ws/install/kitti_tutorial --record /home/daxiongpro/code/colcon_ws/build/kitti_tutorial/install.log --single-version-externally-managed
