[0.299s] DEBUG:colcon:Command line arguments: ['/usr/bin/colcon', 'build']
[0.299s] DEBUG:colcon:Parsed command line arguments: Namespace(ament_cmake_args=None, base_paths=['.'], build_base='build', catkin_cmake_args=None, catkin_skip_building_tests=False, cmake_args=None, cmake_clean_cache=False, cmake_clean_first=False, cmake_force_configure=False, cmake_target=None, cmake_target_skip_unavailable=False, continue_on_error=False, event_handlers=None, executor='parallel', ignore_user_meta=False, install_base='install', log_base=None, log_level=None, main=<bound method BuildVerb.main of <colcon_core.verb.build.BuildVerb object at 0x7feea3cabbb0>>, merge_install=False, metas=['./colcon.meta'], packages_above=None, packages_above_and_dependencies=None, packages_above_depth=None, packages_end=None, packages_ignore=None, packages_ignore_regex=None, packages_select=None, packages_select_build_failed=False, packages_select_by_dep=None, packages_select_regex=None, packages_select_test_failures=False, packages_skip=None, packages_skip_build_finished=False, packages_skip_by_dep=None, packages_skip_regex=None, packages_skip_test_passed=False, packages_skip_up_to=None, packages_start=None, packages_up_to=None, packages_up_to_regex=None, parallel_workers=40, paths=None, symlink_install=False, test_result_base=None, verb_extension=<colcon_core.verb.build.BuildVerb object at 0x7feea3cabbb0>, verb_name='build', verb_parser=<colcon_defaults.argument_parser.defaults.DefaultArgumentsDecorator object at 0x7feea3cba160>)
[0.304s] Level 1:colcon.colcon_core.package_discovery:discover_packages(colcon_meta) check parameters
[0.305s] Level 1:colcon.colcon_core.package_discovery:discover_packages(recursive) check parameters
[0.305s] Level 1:colcon.colcon_core.package_discovery:discover_packages(ignore) check parameters
[0.305s] Level 1:colcon.colcon_core.package_discovery:discover_packages(path) check parameters
[0.305s] Level 1:colcon.colcon_core.package_discovery:discover_packages(colcon_meta) discover
[0.305s] Level 1:colcon.colcon_core.package_discovery:discover_packages(recursive) discover
[0.305s] INFO:colcon.colcon_core.package_discovery:Crawling recursively for packages in '/home/daxiongpro/code/colcon_ws'
[0.305s] Level 1:colcon.colcon_core.package_identification:_identify(.) by extensions ['ignore', 'ignore_ament_install']
[0.305s] Level 1:colcon.colcon_core.package_identification:_identify(.) by extension 'ignore'
[0.305s] Level 1:colcon.colcon_core.package_identification:_identify(.) by extension 'ignore_ament_install'
[0.305s] Level 1:colcon.colcon_core.package_identification:_identify(.) by extensions ['colcon_pkg']
[0.305s] Level 1:colcon.colcon_core.package_identification:_identify(.) by extension 'colcon_pkg'
[0.305s] Level 1:colcon.colcon_core.package_identification:_identify(.) by extensions ['colcon_meta']
[0.305s] Level 1:colcon.colcon_core.package_identification:_identify(.) by extension 'colcon_meta'
[0.305s] Level 1:colcon.colcon_core.package_identification:_identify(.) by extensions ['ros']
[0.305s] Level 1:colcon.colcon_core.package_identification:_identify(.) by extension 'ros'
[0.319s] Level 1:colcon.colcon_core.package_identification:_identify(.) by extensions ['cmake', 'python']
[0.319s] Level 1:colcon.colcon_core.package_identification:_identify(.) by extension 'cmake'
[0.319s] Level 1:colcon.colcon_core.package_identification:_identify(.) by extension 'python'
[0.319s] Level 1:colcon.colcon_core.package_identification:_identify(.) by extensions ['python_setup_py']
[0.319s] Level 1:colcon.colcon_core.package_identification:_identify(.) by extension 'python_setup_py'
[0.319s] Level 1:colcon.colcon_core.package_identification:_identify(build) by extensions ['ignore', 'ignore_ament_install']
[0.319s] Level 1:colcon.colcon_core.package_identification:_identify(build) by extension 'ignore'
[0.319s] Level 1:colcon.colcon_core.package_identification:_identify(build) ignored
[0.319s] Level 1:colcon.colcon_core.package_identification:_identify(install) by extensions ['ignore', 'ignore_ament_install']
[0.319s] Level 1:colcon.colcon_core.package_identification:_identify(install) by extension 'ignore'
[0.319s] Level 1:colcon.colcon_core.package_identification:_identify(install) ignored
[0.319s] Level 1:colcon.colcon_core.package_identification:_identify(log) by extensions ['ignore', 'ignore_ament_install']
[0.320s] Level 1:colcon.colcon_core.package_identification:_identify(log) by extension 'ignore'
[0.320s] Level 1:colcon.colcon_core.package_identification:_identify(log) ignored
[0.320s] Level 1:colcon.colcon_core.package_identification:_identify(src) by extensions ['ignore', 'ignore_ament_install']
[0.320s] Level 1:colcon.colcon_core.package_identification:_identify(src) by extension 'ignore'
[0.320s] Level 1:colcon.colcon_core.package_identification:_identify(src) by extension 'ignore_ament_install'
[0.320s] Level 1:colcon.colcon_core.package_identification:_identify(src) by extensions ['colcon_pkg']
[0.320s] Level 1:colcon.colcon_core.package_identification:_identify(src) by extension 'colcon_pkg'
[0.320s] Level 1:colcon.colcon_core.package_identification:_identify(src) by extensions ['colcon_meta']
[0.320s] Level 1:colcon.colcon_core.package_identification:_identify(src) by extension 'colcon_meta'
[0.320s] Level 1:colcon.colcon_core.package_identification:_identify(src) by extensions ['ros']
[0.320s] Level 1:colcon.colcon_core.package_identification:_identify(src) by extension 'ros'
[0.320s] Level 1:colcon.colcon_core.package_identification:_identify(src) by extensions ['cmake', 'python']
[0.320s] Level 1:colcon.colcon_core.package_identification:_identify(src) by extension 'cmake'
[0.320s] Level 1:colcon.colcon_core.package_identification:_identify(src) by extension 'python'
[0.320s] Level 1:colcon.colcon_core.package_identification:_identify(src) by extensions ['python_setup_py']
[0.320s] Level 1:colcon.colcon_core.package_identification:_identify(src) by extension 'python_setup_py'
[0.320s] Level 1:colcon.colcon_core.package_identification:_identify(src/kitti_tutorial) by extensions ['ignore', 'ignore_ament_install']
[0.320s] Level 1:colcon.colcon_core.package_identification:_identify(src/kitti_tutorial) by extension 'ignore'
[0.320s] Level 1:colcon.colcon_core.package_identification:_identify(src/kitti_tutorial) by extension 'ignore_ament_install'
[0.321s] Level 1:colcon.colcon_core.package_identification:_identify(src/kitti_tutorial) by extensions ['colcon_pkg']
[0.321s] Level 1:colcon.colcon_core.package_identification:_identify(src/kitti_tutorial) by extension 'colcon_pkg'
[0.321s] Level 1:colcon.colcon_core.package_identification:_identify(src/kitti_tutorial) by extensions ['colcon_meta']
[0.321s] Level 1:colcon.colcon_core.package_identification:_identify(src/kitti_tutorial) by extension 'colcon_meta'
[0.321s] Level 1:colcon.colcon_core.package_identification:_identify(src/kitti_tutorial) by extensions ['ros']
[0.321s] Level 1:colcon.colcon_core.package_identification:_identify(src/kitti_tutorial) by extension 'ros'
[0.323s] DEBUG:colcon.colcon_core.package_identification:Package 'src/kitti_tutorial' with type 'ros.ament_python' and name 'kitti_tutorial'
[0.323s] Level 1:colcon.colcon_core.package_discovery:discover_packages(recursive) using defaults
[0.324s] Level 1:colcon.colcon_core.package_discovery:discover_packages(ignore) discover
[0.324s] Level 1:colcon.colcon_core.package_discovery:discover_packages(ignore) using defaults
[0.324s] Level 1:colcon.colcon_core.package_discovery:discover_packages(path) discover
[0.324s] Level 1:colcon.colcon_core.package_discovery:discover_packages(path) using defaults
[0.344s] Level 5:colcon.colcon_core.verb:set package 'kitti_tutorial' build argument 'cmake_args' from command line to 'None'
[0.345s] Level 5:colcon.colcon_core.verb:set package 'kitti_tutorial' build argument 'cmake_target' from command line to 'None'
[0.345s] Level 5:colcon.colcon_core.verb:set package 'kitti_tutorial' build argument 'cmake_target_skip_unavailable' from command line to 'False'
[0.345s] Level 5:colcon.colcon_core.verb:set package 'kitti_tutorial' build argument 'cmake_clean_cache' from command line to 'False'
[0.345s] Level 5:colcon.colcon_core.verb:set package 'kitti_tutorial' build argument 'cmake_clean_first' from command line to 'False'
[0.345s] Level 5:colcon.colcon_core.verb:set package 'kitti_tutorial' build argument 'cmake_force_configure' from command line to 'False'
[0.345s] Level 5:colcon.colcon_core.verb:set package 'kitti_tutorial' build argument 'ament_cmake_args' from command line to 'None'
[0.345s] Level 5:colcon.colcon_core.verb:set package 'kitti_tutorial' build argument 'catkin_cmake_args' from command line to 'None'
[0.345s] Level 5:colcon.colcon_core.verb:set package 'kitti_tutorial' build argument 'catkin_skip_building_tests' from command line to 'False'
[0.345s] DEBUG:colcon.colcon_core.verb:Building package 'kitti_tutorial' with the following arguments: {'ament_cmake_args': None, 'build_base': '/home/daxiongpro/code/colcon_ws/build/kitti_tutorial', 'catkin_cmake_args': None, 'catkin_skip_building_tests': False, 'cmake_args': None, 'cmake_clean_cache': False, 'cmake_clean_first': False, 'cmake_force_configure': False, 'cmake_target': None, 'cmake_target_skip_unavailable': False, 'install_base': '/home/daxiongpro/code/colcon_ws/install/kitti_tutorial', 'merge_install': False, 'path': '/home/daxiongpro/code/colcon_ws/src/kitti_tutorial', 'symlink_install': False, 'test_result_base': None}
[0.345s] INFO:colcon.colcon_core.executor:Executing jobs using 'parallel' executor
[0.347s] DEBUG:colcon.colcon_parallel_executor.executor.parallel:run_until_complete
[0.348s] INFO:colcon.colcon_ros.task.ament_python.build:Building ROS package in '/home/daxiongpro/code/colcon_ws/src/kitti_tutorial' with build type 'ament_python'
[0.348s] Level 1:colcon.colcon_core.shell:create_environment_hook('kitti_tutorial', 'ament_prefix_path')
[0.352s] INFO:colcon.colcon_core.plugin_system:Skipping extension 'colcon_core.shell.bat': Not used on non-Windows systems
[0.352s] INFO:colcon.colcon_core.shell:Creating environment hook '/home/daxiongpro/code/colcon_ws/install/kitti_tutorial/share/kitti_tutorial/hook/ament_prefix_path.ps1'
[0.353s] INFO:colcon.colcon_core.shell:Creating environment descriptor '/home/daxiongpro/code/colcon_ws/install/kitti_tutorial/share/kitti_tutorial/hook/ament_prefix_path.dsv'
[0.353s] INFO:colcon.colcon_core.shell:Creating environment hook '/home/daxiongpro/code/colcon_ws/install/kitti_tutorial/share/kitti_tutorial/hook/ament_prefix_path.sh'
[0.354s] INFO:colcon.colcon_core.shell:Skip shell extension 'powershell' for command environment: Not usable outside of PowerShell
[0.354s] DEBUG:colcon.colcon_core.shell:Skip shell extension 'dsv' for command environment
[0.357s] DEBUG:colcon.colcon_core.shell:Ignoring prefix path '/opt/ros/foxy'
[0.601s] INFO:colcon.colcon_core.task.python.build:Building Python package in '/home/daxiongpro/code/colcon_ws/src/kitti_tutorial'
[0.603s] INFO:colcon.colcon_core.shell:Skip shell extension 'powershell' for command environment: Not usable outside of PowerShell
[0.604s] DEBUG:colcon.colcon_core.shell:Skip shell extension 'dsv' for command environment
[0.608s] DEBUG:colcon.colcon_core.shell:Ignoring prefix path '/opt/ros/foxy'
[0.624s] DEBUG:colcon.colcon_core.event_handler.log_command:Invoking command in '/home/daxiongpro/code/colcon_ws/src/kitti_tutorial': PYTHONPATH=/home/daxiongpro/code/colcon_ws/install/kitti_tutorial/lib/python3.8/site-packages:${PYTHONPATH} /usr/bin/python3 setup.py egg_info --egg-base ../../build/kitti_tutorial build --build-base /home/daxiongpro/code/colcon_ws/build/kitti_tutorial/build install --prefix /home/daxiongpro/code/colcon_ws/install/kitti_tutorial --record /home/daxiongpro/code/colcon_ws/build/kitti_tutorial/install.log --single-version-externally-managed
[0.928s] DEBUG:colcon.colcon_core.event_handler.log_command:Invoked command in '/home/daxiongpro/code/colcon_ws/src/kitti_tutorial' returned '0': PYTHONPATH=/home/daxiongpro/code/colcon_ws/install/kitti_tutorial/lib/python3.8/site-packages:${PYTHONPATH} /usr/bin/python3 setup.py egg_info --egg-base ../../build/kitti_tutorial build --build-base /home/daxiongpro/code/colcon_ws/build/kitti_tutorial/build install --prefix /home/daxiongpro/code/colcon_ws/install/kitti_tutorial --record /home/daxiongpro/code/colcon_ws/build/kitti_tutorial/install.log --single-version-externally-managed
[0.939s] Level 1:colcon.colcon_core.environment:checking '/home/daxiongpro/code/colcon_ws/install/kitti_tutorial' for CMake module files
[0.941s] Level 1:colcon.colcon_core.environment:checking '/home/daxiongpro/code/colcon_ws/install/kitti_tutorial' for CMake config files
[0.943s] Level 1:colcon.colcon_core.environment:checking '/home/daxiongpro/code/colcon_ws/install/kitti_tutorial/lib'
[0.943s] Level 1:colcon.colcon_core.environment:checking '/home/daxiongpro/code/colcon_ws/install/kitti_tutorial/bin'
[0.943s] Level 1:colcon.colcon_core.environment:checking '/home/daxiongpro/code/colcon_ws/install/kitti_tutorial/lib/pkgconfig/kitti_tutorial.pc'
[0.943s] Level 1:colcon.colcon_core.environment:checking '/home/daxiongpro/code/colcon_ws/install/kitti_tutorial/lib/python3.8/site-packages'
[0.944s] Level 1:colcon.colcon_core.shell:create_environment_hook('kitti_tutorial', 'pythonpath')
[0.945s] INFO:colcon.colcon_core.shell:Creating environment hook '/home/daxiongpro/code/colcon_ws/install/kitti_tutorial/share/kitti_tutorial/hook/pythonpath.ps1'
[0.946s] INFO:colcon.colcon_core.shell:Creating environment descriptor '/home/daxiongpro/code/colcon_ws/install/kitti_tutorial/share/kitti_tutorial/hook/pythonpath.dsv'
[0.946s] INFO:colcon.colcon_core.shell:Creating environment hook '/home/daxiongpro/code/colcon_ws/install/kitti_tutorial/share/kitti_tutorial/hook/pythonpath.sh'
[0.947s] Level 1:colcon.colcon_core.environment:create_environment_scripts_only(kitti_tutorial)
[0.948s] INFO:colcon.colcon_core.shell:Creating package script '/home/daxiongpro/code/colcon_ws/install/kitti_tutorial/share/kitti_tutorial/package.ps1'
[0.950s] INFO:colcon.colcon_core.shell:Creating package descriptor '/home/daxiongpro/code/colcon_ws/install/kitti_tutorial/share/kitti_tutorial/package.dsv'
[0.951s] INFO:colcon.colcon_core.shell:Creating package script '/home/daxiongpro/code/colcon_ws/install/kitti_tutorial/share/kitti_tutorial/package.sh'
[0.952s] INFO:colcon.colcon_core.shell:Creating package script '/home/daxiongpro/code/colcon_ws/install/kitti_tutorial/share/kitti_tutorial/package.bash'
[0.953s] INFO:colcon.colcon_core.shell:Creating package script '/home/daxiongpro/code/colcon_ws/install/kitti_tutorial/share/kitti_tutorial/package.zsh'
[0.954s] Level 1:colcon.colcon_core.environment:create_file_with_runtime_dependencies(/home/daxiongpro/code/colcon_ws/install/kitti_tutorial/share/colcon-core/packages/kitti_tutorial)
[0.954s] DEBUG:colcon.colcon_parallel_executor.executor.parallel:closing loop
[0.955s] DEBUG:colcon.colcon_parallel_executor.executor.parallel:loop closed
[0.956s] DEBUG:colcon.colcon_parallel_executor.executor.parallel:run_until_complete finished with '0'
[0.956s] DEBUG:colcon.colcon_core.event_reactor:joining thread
[0.970s] INFO:colcon.colcon_core.plugin_system:Skipping extension 'colcon_notification.desktop_notification.terminal_notifier': Not used on non-Darwin systems
[0.970s] INFO:colcon.colcon_core.plugin_system:Skipping extension 'colcon_notification.desktop_notification.win32': Not used on non-Windows systems
[0.970s] INFO:colcon.colcon_notification.desktop_notification:Sending desktop notification using 'notify2'
[1.004s] DEBUG:colcon.colcon_core.event_reactor:joined thread
[1.006s] INFO:colcon.colcon_core.shell:Creating prefix script '/home/daxiongpro/code/colcon_ws/install/local_setup.ps1'
[1.008s] INFO:colcon.colcon_core.shell:Creating prefix util module '/home/daxiongpro/code/colcon_ws/install/_local_setup_util_ps1.py'
[1.011s] INFO:colcon.colcon_core.shell:Creating prefix chain script '/home/daxiongpro/code/colcon_ws/install/setup.ps1'
[1.016s] INFO:colcon.colcon_core.shell:Creating prefix script '/home/daxiongpro/code/colcon_ws/install/local_setup.sh'
[1.018s] INFO:colcon.colcon_core.shell:Creating prefix util module '/home/daxiongpro/code/colcon_ws/install/_local_setup_util_sh.py'
[1.019s] INFO:colcon.colcon_core.shell:Creating prefix chain script '/home/daxiongpro/code/colcon_ws/install/setup.sh'
[1.023s] INFO:colcon.colcon_core.shell:Creating prefix script '/home/daxiongpro/code/colcon_ws/install/local_setup.bash'
[1.024s] INFO:colcon.colcon_core.shell:Creating prefix chain script '/home/daxiongpro/code/colcon_ws/install/setup.bash'
[1.027s] INFO:colcon.colcon_core.shell:Creating prefix script '/home/daxiongpro/code/colcon_ws/install/local_setup.zsh'
[1.028s] INFO:colcon.colcon_core.shell:Creating prefix chain script '/home/daxiongpro/code/colcon_ws/install/setup.zsh'
