[0.266s] Invoking command in '/home/daxiongpro/code/colcon_ws/src/kitti_tutorial': CONDA_PROMPT_MODIFIER=(base) PYTHONPATH=/home/daxiongpro/code/colcon_ws/install/kitti_tutorial/lib/python3.8/site-packages:${PYTHONPATH} /usr/bin/python3 setup.py egg_info --egg-base ../../build/kitti_tutorial build --build-base /home/daxiongpro/code/colcon_ws/build/kitti_tutorial/build install --prefix /home/daxiongpro/code/colcon_ws/install/kitti_tutorial --record /home/daxiongpro/code/colcon_ws/build/kitti_tutorial/install.log --single-version-externally-managed
[0.476s] running egg_info
[0.476s] creating ../../build/kitti_tutorial/kitti_tutorial.egg-info
[0.476s] writing ../../build/kitti_tutorial/kitti_tutorial.egg-info/PKG-INFO
[0.476s] writing dependency_links to ../../build/kitti_tutorial/kitti_tutorial.egg-info/dependency_links.txt
[0.477s] writing entry points to ../../build/kitti_tutorial/kitti_tutorial.egg-info/entry_points.txt
[0.477s] writing requirements to ../../build/kitti_tutorial/kitti_tutorial.egg-info/requires.txt
[0.477s] writing top-level names to ../../build/kitti_tutorial/kitti_tutorial.egg-info/top_level.txt
[0.477s] writing manifest file '../../build/kitti_tutorial/kitti_tutorial.egg-info/SOURCES.txt'
[0.510s] reading manifest file '../../build/kitti_tutorial/kitti_tutorial.egg-info/SOURCES.txt'
[0.511s] writing manifest file '../../build/kitti_tutorial/kitti_tutorial.egg-info/SOURCES.txt'
[0.511s] running build
[0.511s] running build_py
[0.511s] creating /home/daxiongpro/code/colcon_ws/build/kitti_tutorial/build
[0.511s] creating /home/daxiongpro/code/colcon_ws/build/kitti_tutorial/build/lib
[0.512s] creating /home/daxiongpro/code/colcon_ws/build/kitti_tutorial/build/lib/kitti_tutorial
[0.512s] copying kitti_tutorial/__init__.py -> /home/daxiongpro/code/colcon_ws/build/kitti_tutorial/build/lib/kitti_tutorial
[0.512s] running install
[0.512s] running install_lib
[0.513s] creating /home/daxiongpro/code/colcon_ws/install/kitti_tutorial/lib/python3.8/site-packages/kitti_tutorial
[0.513s] copying /home/daxiongpro/code/colcon_ws/build/kitti_tutorial/build/lib/kitti_tutorial/__init__.py -> /home/daxiongpro/code/colcon_ws/install/kitti_tutorial/lib/python3.8/site-packages/kitti_tutorial
[0.513s] byte-compiling /home/daxiongpro/code/colcon_ws/install/kitti_tutorial/lib/python3.8/site-packages/kitti_tutorial/__init__.py to __init__.cpython-38.pyc
[0.514s] running install_data
[0.515s] creating /home/daxiongpro/code/colcon_ws/install/kitti_tutorial/share/ament_index
[0.515s] creating /home/daxiongpro/code/colcon_ws/install/kitti_tutorial/share/ament_index/resource_index
[0.515s] creating /home/daxiongpro/code/colcon_ws/install/kitti_tutorial/share/ament_index/resource_index/packages
[0.515s] copying resource/kitti_tutorial -> /home/daxiongpro/code/colcon_ws/install/kitti_tutorial/share/ament_index/resource_index/packages
[0.515s] copying package.xml -> /home/daxiongpro/code/colcon_ws/install/kitti_tutorial/share/kitti_tutorial
[0.516s] running install_egg_info
[0.516s] Copying ../../build/kitti_tutorial/kitti_tutorial.egg-info to /home/daxiongpro/code/colcon_ws/install/kitti_tutorial/lib/python3.8/site-packages/kitti_tutorial-0.0.0-py3.8.egg-info
[0.517s] running install_scripts
[0.534s] writing list of installed files to '/home/daxiongpro/code/colcon_ws/build/kitti_tutorial/install.log'
[0.557s] Invoked command in '/home/daxiongpro/code/colcon_ws/src/kitti_tutorial' returned '0': CONDA_PROMPT_MODIFIER=(base) PYTHONPATH=/home/daxiongpro/code/colcon_ws/install/kitti_tutorial/lib/python3.8/site-packages:${PYTHONPATH} /usr/bin/python3 setup.py egg_info --egg-base ../../build/kitti_tutorial build --build-base /home/daxiongpro/code/colcon_ws/build/kitti_tutorial/build install --prefix /home/daxiongpro/code/colcon_ws/install/kitti_tutorial --record /home/daxiongpro/code/colcon_ws/build/kitti_tutorial/install.log --single-version-externally-managed
