running egg_info
writing ../../build/kitti_tutorial/kitti_tutorial.egg-info/PKG-INFO
writing dependency_links to ../../build/kitti_tutorial/kitti_tutorial.egg-info/dependency_links.txt
writing entry points to ../../build/kitti_tutorial/kitti_tutorial.egg-info/entry_points.txt
writing requirements to ../../build/kitti_tutorial/kitti_tutorial.egg-info/requires.txt
writing top-level names to ../../build/kitti_tutorial/kitti_tutorial.egg-info/top_level.txt
reading manifest file '../../build/kitti_tutorial/kitti_tutorial.egg-info/SOURCES.txt'
writing manifest file '../../build/kitti_tutorial/kitti_tutorial.egg-info/SOURCES.txt'
running build
running build_py
copying kitti_tutorial/data_utils.py -> /home/daxiongpro/code/colcon_ws/build/kitti_tutorial/build/lib/kitti_tutorial
copying kitti_tutorial/kitti.py -> /home/daxiongpro/code/colcon_ws/build/kitti_tutorial/build/lib/kitti_tutorial
copying kitti_tutorial/publish_utils.py -> /home/daxiongpro/code/colcon_ws/build/kitti_tutorial/build/lib/kitti_tutorial
copying kitti_tutorial/kitti_utils.py -> /home/daxiongpro/code/colcon_ws/build/kitti_tutorial/build/lib/kitti_tutorial
copying kitti_tutorial/utils.py -> /home/daxiongpro/code/colcon_ws/build/kitti_tutorial/build/lib/kitti_tutorial
running install
running install_lib
copying /home/daxiongpro/code/colcon_ws/build/kitti_tutorial/build/lib/kitti_tutorial/data_utils.py -> /home/daxiongpro/code/colcon_ws/install/kitti_tutorial/lib/python3.8/site-packages/kitti_tutorial
copying /home/daxiongpro/code/colcon_ws/build/kitti_tutorial/build/lib/kitti_tutorial/kitti.py -> /home/daxiongpro/code/colcon_ws/install/kitti_tutorial/lib/python3.8/site-packages/kitti_tutorial
copying /home/daxiongpro/code/colcon_ws/build/kitti_tutorial/build/lib/kitti_tutorial/publish_utils.py -> /home/daxiongpro/code/colcon_ws/install/kitti_tutorial/lib/python3.8/site-packages/kitti_tutorial
copying /home/daxiongpro/code/colcon_ws/build/kitti_tutorial/build/lib/kitti_tutorial/kitti_utils.py -> /home/daxiongpro/code/colcon_ws/install/kitti_tutorial/lib/python3.8/site-packages/kitti_tutorial
copying /home/daxiongpro/code/colcon_ws/build/kitti_tutorial/build/lib/kitti_tutorial/utils.py -> /home/daxiongpro/code/colcon_ws/install/kitti_tutorial/lib/python3.8/site-packages/kitti_tutorial
byte-compiling /home/daxiongpro/code/colcon_ws/install/kitti_tutorial/lib/python3.8/site-packages/kitti_tutorial/data_utils.py to data_utils.cpython-38.pyc
byte-compiling /home/daxiongpro/code/colcon_ws/install/kitti_tutorial/lib/python3.8/site-packages/kitti_tutorial/kitti.py to kitti.cpython-38.pyc
byte-compiling /home/daxiongpro/code/colcon_ws/install/kitti_tutorial/lib/python3.8/site-packages/kitti_tutorial/publish_utils.py to publish_utils.cpython-38.pyc
byte-compiling /home/daxiongpro/code/colcon_ws/install/kitti_tutorial/lib/python3.8/site-packages/kitti_tutorial/kitti_utils.py to kitti_utils.cpython-38.pyc
byte-compiling /home/daxiongpro/code/colcon_ws/install/kitti_tutorial/lib/python3.8/site-packages/kitti_tutorial/utils.py to utils.cpython-38.pyc
running install_data
running install_egg_info
removing '/home/daxiongpro/code/colcon_ws/install/kitti_tutorial/lib/python3.8/site-packages/kitti_tutorial-0.0.0-py3.8.egg-info' (and everything under it)
Copying ../../build/kitti_tutorial/kitti_tutorial.egg-info to /home/daxiongpro/code/colcon_ws/install/kitti_tutorial/lib/python3.8/site-packages/kitti_tutorial-0.0.0-py3.8.egg-info
running install_scripts
Installing kitti_node script to /home/daxiongpro/code/colcon_ws/install/kitti_tutorial/lib/kitti_tutorial
writing list of installed files to '/home/daxiongpro/code/colcon_ws/build/kitti_tutorial/install.log'
